<?xml version="1.0" encoding="UTF-8"?>
<testng-results ignored="0" total="1" passed="1" failed="0" skipped="0">
  <reporter-output>
  </reporter-output>
  <suite started-at="2024-07-05T10:06:18 IST" name="Default suite" finished-at="2024-07-05T10:07:03 IST" duration-ms="45765">
    <groups>
    </groups>
    <test started-at="2024-07-05T10:06:18 IST" name="Default test" finished-at="2024-07-05T10:07:03 IST" duration-ms="45765">
      <class name="Day26_mercuryDemo.Mt">
        <test-method is-config="true" signature="openBrowser()[pri:0, instance:Day26_mercuryDemo.Mt@2235eaab]" started-at="2024-07-05T10:05:52 IST" name="openBrowser" finished-at="2024-07-05T10:06:18 IST" duration-ms="25121" status="PASS">
          <reporter-output>
          </reporter-output>
        </test-method> <!-- openBrowser -->
        <test-method is-config="true" signature="enterUrl()[pri:0, instance:Day26_mercuryDemo.Mt@2235eaab]" started-at="2024-07-05T10:06:18 IST" name="enterUrl" finished-at="2024-07-05T10:06:40 IST" duration-ms="22625" status="PASS">
          <reporter-output>
          </reporter-output>
        </test-method> <!-- enterUrl -->
        <test-method is-config="true" signature="maximize()[pri:0, instance:Day26_mercuryDemo.Mt@2235eaab]" started-at="2024-07-05T10:06:41 IST" name="maximize" finished-at="2024-07-05T10:06:42 IST" duration-ms="1132" status="PASS">
          <reporter-output>
          </reporter-output>
        </test-method> <!-- maximize -->
        <test-method is-config="true" signature="cookiesdetails()[pri:0, instance:Day26_mercuryDemo.Mt@2235eaab]" started-at="2024-07-05T10:06:42 IST" name="cookiesdetails" finished-at="2024-07-05T10:06:52 IST" duration-ms="9994" status="PASS">
          <reporter-output>
          </reporter-output>
        </test-method> <!-- cookiesdetails -->
        <test-method signature="loginCheck()[pri:0, instance:Day26_mercuryDemo.Mt@2235eaab]" started-at="2024-07-05T10:06:52 IST" name="loginCheck" finished-at="2024-07-05T10:07:03 IST" duration-ms="11617" status="PASS">
          <reporter-output>
          </reporter-output>
        </test-method> <!-- loginCheck -->
      </class> <!-- Day26_mercuryDemo.Mt -->
    </test> <!-- Default test -->
  </suite> <!-- Default suite -->
</testng-results>
